<?xml version="1.0" encoding="utf-8"?><testsuites name="pytest tests"><testsuite name="pytest" errors="0" failures="2" skipped="0" tests="4" time="2.027" timestamp="2026-08-24T11:31:17.091990+00:00" hostname="agent-env-68074b6b-8089-4395-a1ca-2291114b108b"><testcase classname="tests.test_bugs_fix.TestMerchantReferralsURLs" name="test_merchant_login_and_referrals_urls" time="0.819" /><testcase classname="tests.test_bugs_fix.TestAuthHttpOnlyCookies" name="test_client_login_httponly_cookies" time="0.754"><failure message="AssertionError: assert None == 'francesco@gmail.com'&#10; +  where None = &lt;built-in method get of dict object at 0xfd679f26f280&gt;('email')&#10; +    where &lt;built-in method get of dict object at 0xfd679f26f280&gt; = {'user': {'id': 'd309eac5-c41e-412b-81a7-b5772334f1c1', 'email': 'francesco@gmail.com', 'name': 'Francesco', 'role': 'client', ...}}.get&#10; +      where {'user': {'id': 'd309eac5-c41e-412b-81a7-b5772334f1c1', 'email': 'francesco@gmail.com', 'name': 'Francesco', 'role': 'client', ...}} = json()&#10; +        where json = &lt;Response [200]&gt;.json">backend/tests/test_bugs_fix.py:76: in test_client_login_httponly_cookies
    assert me.json().get("email") == "francesco@gmail.com"
E   AssertionError: assert None == 'francesco@gmail.com'
E    +  where None = &lt;built-in method get of dict object at 0xfd679f26f280&gt;('email')
E    +    where &lt;built-in method get of dict object at 0xfd679f26f280&gt; = {'user': {'id': 'd309eac5-c41e-412b-81a7-b5772334f1c1', 'email': 'francesco@gmail.com', 'name': 'Francesco', 'role': 'client', ...}}.get
E    +      where {'user': {'id': 'd309eac5-c41e-412b-81a7-b5772334f1c1', 'email': 'francesco@gmail.com', 'name': 'Francesco', 'role': 'client', ...}} = json()
E    +        where json = &lt;Response [200]&gt;.json</failure></testcase><testcase classname="tests.test_bugs_fix.TestAuthHttpOnlyCookies" name="test_logout_clears_cookies" time="0.496" /><testcase classname="tests.test_bugs_fix.TestAdminLogin" name="test_admin_login" time="0.426"><failure message="AssertionError: user not admin: {'user': {'id': '0644f7d1-73b6-4c83-9ec8-ecb31c287c3b', 'email': 'admin@scontiroma.it', 'name': 'Admin', 'role': 'admin', 'created_at': '2026-08-05T15:30:51.488626+00:00', 'has_active_subscription': False}}&#10;assert (None in ('admin', 'superadmin') or None is True)&#10; +  where None = &lt;built-in method get of dict object at 0xfd679ed343c0&gt;('role')&#10; +    where &lt;built-in method get of dict object at 0xfd679ed343c0&gt; = {'user': {'id': '0644f7d1-73b6-4c83-9ec8-ecb31c287c3b', 'email': 'admin@scontiroma.it', 'name': 'Admin', 'role': 'admin', ...}}.get&#10; +  and   None = &lt;built-in method get of dict object at 0xfd679ed343c0&gt;('is_admin')&#10; +    where &lt;built-in method get of dict object at 0xfd679ed343c0&gt; = {'user': {'id': '0644f7d1-73b6-4c83-9ec8-ecb31c287c3b', 'email': 'admin@scontiroma.it', 'name': 'Admin', 'role': 'admin', ...}}.get">backend/tests/test_bugs_fix.py:100: in test_admin_login
    assert u.get("role") in ("admin", "superadmin") or u.get("is_admin") is True, f"user not admin: {u}"
E   AssertionError: user not admin: {'user': {'id': '0644f7d1-73b6-4c83-9ec8-ecb31c287c3b', 'email': 'admin@scontiroma.it', 'name': 'Admin', 'role': 'admin', 'created_at': '2026-08-05T15:30:51.488626+00:00', 'has_active_subscription': False}}
E   assert (None in ('admin', 'superadmin') or None is True)
E    +  where None = &lt;built-in method get of dict object at 0xfd679ed343c0&gt;('role')
E    +    where &lt;built-in method get of dict object at 0xfd679ed343c0&gt; = {'user': {'id': '0644f7d1-73b6-4c83-9ec8-ecb31c287c3b', 'email': 'admin@scontiroma.it', 'name': 'Admin', 'role': 'admin', ...}}.get
E    +  and   None = &lt;built-in method get of dict object at 0xfd679ed343c0&gt;('is_admin')
E    +    where &lt;built-in method get of dict object at 0xfd679ed343c0&gt; = {'user': {'id': '0644f7d1-73b6-4c83-9ec8-ecb31c287c3b', 'email': 'admin@scontiroma.it', 'name': 'Admin', 'role': 'admin', ...}}.get</failure></testcase></testsuite></testsuites>