<?xml version="1.0" encoding="utf-8"?><testsuites name="pytest tests"><testsuite name="pytest" errors="0" failures="0" skipped="0" tests="21" time="5.942" timestamp="2026-08-19T16:08:11.571468+00:00" hostname="agent-env-68074b6b-8089-4395-a1ca-2291114b108b"><testcase classname="tests.test_iteration3.TestAdminMaster" name="test_verify_master_wrong_password_401" time="0.752" /><testcase classname="tests.test_iteration3.TestPin" name="test_set_pin_ok" time="1.383" /><testcase classname="tests.test_iteration3.TestAdminMaster" name="test_verify_master_as_non_admin_403" time="0.640" /><testcase classname="tests.test_iteration3.TestPin" name="test_set_pin_non_numeric_returns_422" time="0.207" /><testcase classname="tests.test_iteration3.TestAdminMaster" name="test_verify_master_correct" time="0.133" /><testcase classname="tests.test_iteration3.TestAdminMaster" name="test_admin_stats_without_master_403" time="0.243" /><testcase classname="tests.test_iteration3.TestPin" name="test_set_pin_wrong_length_422" time="0.155" /><testcase classname="tests.test_iteration3.TestPin" name="test_pin_login_success" time="0.759" /><testcase classname="tests.test_iteration3.TestAdminMaster" name="test_admin_stats_with_master_ok" time="0.351" /><testcase classname="tests.test_iteration3.TestAdminMaster" name="test_admin_session_endpoint" time="0.133" /><testcase classname="tests.test_iteration3.TestAdminMerchants" name="test_list_merchants" time="0.255" /><testcase classname="tests.test_iteration3.TestPin" name="test_pin_login_wrong_pin_401" time="0.785" /><testcase classname="tests.test_iteration3.TestAdminMerchants" name="test_update_merchant_approve_and_edit" time="0.794" /><testcase classname="tests.test_iteration3.TestForgotReset" name="test_forgot_existing_email_returns_token" time="0.360" /><testcase classname="tests.test_iteration3.TestAdminMerchants" name="test_update_discount_and_delete_via_admin" time="1.497" /><testcase classname="tests.test_iteration3.TestForgotReset" name="test_forgot_unknown_email_no_token" time="0.160" /><testcase classname="tests.test_iteration3.TestForgotReset" name="test_reset_invalid_token_400" time="0.165" /><testcase classname="tests.test_iteration3.TestForgotReset" name="test_reset_password_too_short_422" time="0.155" /><testcase classname="tests.test_iteration3.TestForgotReset" name="test_reset_flow_updates_password" time="1.321" /><testcase classname="tests.test_iteration3.TestWebAuthn" name="test_register_begin_returns_options" time="0.257" /><testcase classname="tests.test_iteration3.TestWebAuthn" name="test_login_begin_no_credential_400" time="0.389" /></testsuite></testsuites>