<?xml version="1.0" encoding="utf-8"?><testsuites name="pytest tests"><testsuite name="pytest" errors="0" failures="0" skipped="0" tests="9" time="2.927" timestamp="2026-08-19T18:35:48.386460+00:00" hostname="agent-env-68074b6b-8089-4395-a1ca-2291114b108b"><testcase classname="tests.test_iteration5.TestMerchantTrimOnCreate" name="test_new_merchant_discount_trims_fields" time="0.879" /><testcase classname="tests.test_iteration5.TestPublicDiscountsCleanliness" name="test_public_list_no_TEST_and_no_whitespace" time="0.566" /><testcase classname="tests.test_iteration5.TestPublicDiscountsCleanliness" name="test_public_list_expected_count_9" time="0.283" /><testcase classname="tests.test_iteration5.TestPublicDiscountsCleanliness" name="test_first_three_sensible" time="0.140" /><testcase classname="tests.test_iteration5.TestMerchantTrimOnCreate" name="test_empty_title_returns_422" time="0.623" /><testcase classname="tests.test_iteration5.TestProfileAndRegisterTrim" name="test_profile_put_trims" time="0.882" /><testcase classname="tests.test_iteration5.TestMerchantTrimOnCreate" name="test_empty_description_returns_422" time="0.507" /><testcase classname="tests.test_iteration5.TestProfileAndRegisterTrim" name="test_register_trims_shop_and_name" time="0.576" /><testcase classname="tests.test_iteration5.TestRegression" name="test_seed_merchants_present_and_clean" time="0.326" /></testsuite></testsuites>