<?xml version="1.0" encoding="utf-8"?><testsuites name="pytest tests"><testsuite name="pytest" errors="0" failures="0" skipped="0" tests="19" time="4.112" timestamp="2026-08-19T17:53:33.760611+00:00" hostname="agent-env-68074b6b-8089-4395-a1ca-2291114b108b"><testcase classname="tests.test_iteration4.TestApprovalFlow" name="test_merchant_creates_pending" time="0.845" /><testcase classname="tests.test_iteration4.TestApprovalFlow" name="test_pending_not_in_public_list" time="0.146" /><testcase classname="tests.test_iteration4.TestApprovalFlow" name="test_get_merchant_discount_shows_fields" time="0.300" /><testcase classname="tests.test_iteration4.TestApprovalFlow" name="test_pending_in_admin_pending_list" time="0.456" /><testcase classname="tests.test_iteration4.TestApprovalFlow" name="test_admin_approve" time="0.402" /><testcase classname="tests.test_iteration4.TestApprovalFlow" name="test_merchant_edit_locked_returns_423" time="0.168" /><testcase classname="tests.test_iteration4.TestRedemptionAndQR" name="test_create_redemption_first_time" time="2.377" /><testcase classname="tests.test_iteration4.TestApprovalFlow" name="test_force_edit_unlocks" time="0.223" /><testcase classname="tests.test_iteration4.TestRedemptionAndQR" name="test_create_redemption_reuses_pending" time="0.085" /><testcase classname="tests.test_iteration4.TestRedemptionAndQR" name="test_status_endpoint" time="0.127" /><testcase classname="tests.test_iteration4.TestApprovalFlow" name="test_reject_and_resubmit" time="0.419" /><testcase classname="tests.test_iteration4.TestRedemptionAndQR" name="test_token_returns_url_and_20s" time="0.082" /><testcase classname="tests.test_iteration4.TestRedemptionAndQR" name="test_public_verify_valid_and_consume" time="0.215" /><testcase classname="tests.test_iteration4.TestRedemptionAndQR" name="test_public_verify_second_call_still_valid_recent" time="0.202" /><testcase classname="tests.test_iteration4.TestPublicList" name="test_public_list_all_approved" time="0.159" /><testcase classname="tests.test_iteration4.TestRedemptionAndQR" name="test_public_verify_tampered_hmac" time="0.171" /><testcase classname="tests.test_iteration4.TestRedemptionAndQR" name="test_public_verify_expired_slot" time="0.141" /><testcase classname="tests.test_iteration4.TestRedemptionAndQR" name="test_status_after_consume" time="0.081" /><testcase classname="tests.test_iteration4.TestRedemptionAndQR" name="test_second_redemption_blocked_409" time="0.128" /></testsuite></testsuites>