<?xml version="1.0" encoding="utf-8"?><testsuites name="pytest tests"><testsuite name="pytest" errors="0" failures="0" skipped="0" tests="16" time="9.536" timestamp="2026-08-20T17:39:49.448931+00:00" hostname="agent-env-68074b6b-8089-4395-a1ca-2291114b108b"><testcase classname="tests.test_pin_auth_flow" name="test_register_new_client_with_full_name" time="0.682" /><testcase classname="tests.test_pin_auth_flow" name="test_pin_4_digits_rejected_422" time="0.495" /><testcase classname="tests.test_pin_auth_flow" name="test_pin_5_digits_rejected_422" time="0.078" /><testcase classname="tests.test_pin_auth_flow" name="test_pin_6_digits_accepted_200" time="0.301" /><testcase classname="tests.test_pin_auth_flow" name="test_pin_6_non_digit_rejected_422" time="0.087" /><testcase classname="tests.test_pin_auth_flow" name="test_pin_login_success" time="0.409" /><testcase classname="tests.test_pin_auth_flow" name="test_pin_login_wrong_pin_401" time="0.427" /><testcase classname="tests.test_pin_auth_flow" name="test_pin_login_4_digits_rejected_422" time="0.193" /><testcase classname="tests.test_pin_auth_flow" name="test_pin_forgot_existing_email_returns_ok_and_stores_hash" time="0.702" /><testcase classname="tests.test_pin_auth_flow" name="test_pin_forgot_unknown_email_returns_ok_no_enumeration" time="0.186" /><testcase classname="tests.test_pin_auth_flow" name="test_pin_reset_wrong_code_401" time="1.113" /><testcase classname="tests.test_pin_auth_flow" name="test_pin_reset_no_request_active_400" time="0.201" /><testcase classname="tests.test_pin_auth_flow" name="test_pin_reset_full_flow_success" time="3.408" /><testcase classname="tests.test_pin_auth_flow" name="test_pin_reset_short_code_422" time="0.210" /><testcase classname="tests.test_pin_auth_flow" name="test_pin_reset_short_new_pin_422" time="0.201" /><testcase classname="tests.test_pin_auth_flow" name="test_stripe_webhook_invalid_signature_400" time="0.157" /></testsuite></testsuites>