<?xml version="1.0" encoding="utf-8"?><testsuites name="pytest tests"><testsuite name="pytest" errors="0" failures="0" skipped="0" tests="11" time="1.804" timestamp="2026-08-20T18:27:19.991192+00:00" hostname="agent-env-68074b6b-8089-4395-a1ca-2291114b108b"><testcase classname="tests.test_paypal_welcome_email" name="test_paypal_activate_sends_welcome_email_once_on_first_call" time="0.008" /><testcase classname="tests.test_subscription_email_idempotency" name="test_scenario_A_polling_then_webhook_sends_email_once" time="0.012" /><testcase classname="tests.test_paypal_welcome_email" name="test_paypal_activate_double_call_same_subid_sends_email_only_once" time="0.005" /><testcase classname="tests.test_subscription_email_idempotency" name="test_scenario_B_webhook_then_polling_sends_email_once" time="0.004" /><testcase classname="tests.test_paypal_welcome_email" name="test_paypal_activate_email_failure_does_not_break_subscription" time="0.004" /><testcase classname="tests.test_subscription_email_idempotency" name="test_scenario_C_only_polling_still_sends_email" time="0.003" /><testcase classname="tests.test_paypal_welcome_email" name="test_paypal_activate_returns_400_when_paypal_not_configured" time="0.002" /><testcase classname="tests.test_subscription_email_idempotency" name="test_no_duplicate_active_subscription_after_double_call" time="0.004" /><testcase classname="tests.test_paypal_welcome_email" name="test_paypal_activate_deactivates_previous_active_subscriptions" time="0.004" /><testcase classname="tests.test_subscription_email_idempotency" name="test_email_failure_does_not_break_subscription" time="0.003" /><testcase classname="tests.test_subscription_email_idempotency" name="test_stripe_webhook_invalid_signature_regression" time="0.367" /></testsuite></testsuites>