<?xml version="1.0" encoding="utf-8"?><testsuites name="pytest tests"><testsuite name="pytest" errors="0" failures="0" skipped="1" tests="12" time="5.082" timestamp="2026-08-21T03:45:21.973533+00:00" hostname="agent-env-68074b6b-8089-4395-a1ca-2291114b108b"><testcase classname="tests.test_admin_v12_features" name="test_merchant_register_no_phone_returns_422" time="0.533" /><testcase classname="tests.test_admin_v12_features" name="test_merchant_register_with_phone_ok" time="0.888" /><testcase classname="tests.test_admin_v12_features" name="test_client_register_no_phone_ok" time="0.340" /><testcase classname="tests.test_admin_v12_features" name="test_admin_merchant_discounts_endpoint" time="0.268" /><testcase classname="tests.test_admin_v12_features" name="test_admin_merchant_discounts_404" time="0.112" /><testcase classname="tests.test_admin_v12_features" name="test_fraud_log_records_invalid_token" time="0.543" /><testcase classname="tests.test_admin_v12_features" name="test_admin_health" time="0.509" /><testcase classname="tests.test_admin_v12_features" name="test_redemptions_mine_lists_redeemed" time="0.524" /><testcase classname="tests.test_admin_v12_features" name="test_create_review_then_double_fails" time="0.109"><skipped type="pytest.skip" message="review already exists from previous run — cannot re-test create; double-block implicitly verified">/app/backend/tests/test_admin_v12_features.py:224: review already exists from previous run — cannot re-test create; double-block implicitly verified</skipped></testcase><testcase classname="tests.test_admin_v12_features" name="test_reviews_shop_public_summary" time="0.622" /><testcase classname="tests.test_admin_v12_features" name="test_admin_reviews_list_contains_fields" time="0.113" /><testcase classname="tests.test_admin_v12_features" name="test_admin_fraud_log_requires_master" time="0.435" /></testsuite></testsuites>