<?xml version="1.0" encoding="utf-8"?><testsuites name="pytest tests"><testsuite name="pytest" errors="0" failures="0" skipped="0" tests="9" time="5.572" timestamp="2026-08-19T15:10:48.209954+00:00" hostname="agent-env-68074b6b-8089-4395-a1ca-2291114b108b"><testcase classname="tests.backend_test.TestStripeCheckout" name="test_checkout_unauth_401" time="0.332" /><testcase classname="tests.backend_test.TestRotatingQR" name="test_token_owner" time="2.537" /><testcase classname="tests.backend_test.TestStripeCheckout" name="test_checkout_as_client_returns_stripe_url" time="1.851" /><testcase classname="tests.backend_test.TestAdminStats" name="test_admin_stats_ok" time="0.471" /><testcase classname="tests.backend_test.TestAdminStats" name="test_admin_stats_non_admin_403" time="0.344" /><testcase classname="tests.backend_test.TestRotatingQR" name="test_token_non_owner_404" time="0.896" /><testcase classname="tests.backend_test.TestRotatingQR" name="test_verify_rotating_owner_merchant" time="0.634" /><testcase classname="tests.backend_test.TestRotatingQR" name="test_verify_plain_code_backcompat" time="0.421" /><testcase classname="tests.backend_test.TestRotatingQR" name="test_verify_tampered_token_400" time="0.623" /></testsuite></testsuites>