<?xml version="1.0" encoding="utf-8"?><testsuites name="pytest tests"><testsuite name="pytest" errors="0" failures="0" skipped="0" tests="8" time="2.959" timestamp="2026-08-21T04:15:08.758403+00:00" hostname="agent-env-68074b6b-8089-4395-a1ca-2291114b108b"><testcase classname="tests.test_sales_counter.TestDiscountsSalesField" name="test_list_contains_sales_field" time="0.369" /><testcase classname="tests.test_sales_counter.TestDiscountsSalesField" name="test_filters_zone_category_q_still_work" time="0.611" /><testcase classname="tests.test_sales_counter.TestAuthMeSubscriptionFlag" name="test_subscribed_client_has_flag_true" time="0.619" /><testcase classname="tests.test_sales_counter.TestAuthMeSubscriptionFlag" name="test_anon_no_access" time="0.132" /><testcase classname="tests.test_sales_counter.TestAuthMeSubscriptionFlag" name="test_non_subscribed_client_flag_false" time="0.519" /><testcase classname="tests.test_sales_counter.TestMerchantsTop" name="test_basic_shape" time="0.262" /><testcase classname="tests.test_sales_counter.TestMerchantsTop" name="test_limit_bounds" time="0.187" /><testcase classname="tests.test_sales_counter.TestE2ESalesCounter" name="test_seed_redemptions_updates_counter_and_ranking" time="0.516" /></testsuite></testsuites>