<?xml version="1.0" encoding="utf-8"?><testsuites name="pytest tests"><testsuite name="pytest" errors="0" failures="0" skipped="1" tests="45" time="12.234" timestamp="2026-08-21T03:59:58.227756+00:00" hostname="agent-env-68074b6b-8089-4395-a1ca-2291114b108b"><testcase classname="tests.test_pin_auth_flow" name="test_register_new_client_with_full_name" time="0.629" /><testcase classname="tests.test_admin_v12_features" name="test_merchant_register_no_phone_returns_422" time="0.361" /><testcase classname="tests.test_pin_auth_flow" name="test_pin_4_digits_rejected_422" time="0.523" /><testcase classname="tests.test_admin_v12_features" name="test_merchant_register_with_phone_ok" time="1.361" /><testcase classname="tests.test_pin_auth_flow" name="test_pin_5_digits_rejected_422" time="0.049" /><testcase classname="tests.test_pin_auth_flow" name="test_pin_6_digits_accepted_200" time="0.487" /><testcase classname="tests.test_pin_auth_flow" name="test_pin_6_non_digit_rejected_422" time="0.087" /><testcase classname="tests.test_admin_v12_features" name="test_client_register_no_phone_ok" time="0.330" /><testcase classname="tests.test_pin_auth_flow" name="test_pin_login_success" time="0.544" /><testcase classname="tests.test_admin_v12_features" name="test_admin_merchant_discounts_endpoint" time="0.671" /><testcase classname="tests.test_pin_auth_flow" name="test_pin_login_wrong_pin_401" time="0.352" /><testcase classname="tests.test_pin_auth_flow" name="test_pin_login_4_digits_rejected_422" time="0.102" /><testcase classname="tests.test_admin_v12_features" name="test_admin_merchant_discounts_404" time="0.147" /><testcase classname="tests.test_pin_auth_flow" name="test_pin_forgot_existing_email_returns_ok_and_stores_hash" time="0.659" /><testcase classname="tests.test_admin_v12_features" name="test_fraud_log_records_invalid_token" time="0.720" /><testcase classname="tests.test_pin_auth_flow" name="test_pin_forgot_unknown_email_returns_ok_no_enumeration" time="0.110" /><testcase classname="tests.test_pin_auth_flow" name="test_pin_reset_wrong_code_401" time="1.169" /><testcase classname="tests.test_admin_v12_features" name="test_admin_health" time="1.148" /><testcase classname="tests.test_pin_auth_flow" name="test_pin_reset_no_request_active_400" time="0.299" /><testcase classname="tests.test_pin_auth_flow" name="test_pin_reset_full_flow_success" time="3.344" /><testcase classname="tests.test_admin_v12_features" name="test_redemptions_mine_lists_redeemed" time="0.684" /><testcase classname="tests.test_admin_v12_features" name="test_create_review_then_double_fails" time="0.129"><skipped type="pytest.skip" message="review already exists from previous run — cannot re-test create; double-block implicitly verified">/app/backend/tests/test_admin_v12_features.py:224: review already exists from previous run — cannot re-test create; double-block implicitly verified</skipped></testcase><testcase classname="tests.test_admin_v12_features" name="test_reviews_shop_public_summary" time="1.280" /><testcase classname="tests.test_admin_v12_features" name="test_admin_reviews_list_contains_fields" time="0.337" /><testcase classname="tests.test_admin_v12_features" name="test_admin_fraud_log_requires_master" time="0.450" /><testcase classname="tests.test_subscription_email_idempotency" name="test_scenario_A_polling_then_webhook_sends_email_once" time="0.009" /><testcase classname="tests.test_subscription_email_idempotency" name="test_scenario_B_webhook_then_polling_sends_email_once" time="0.026" /><testcase classname="tests.test_subscription_email_idempotency" name="test_scenario_C_only_polling_still_sends_email" time="0.005" /><testcase classname="tests.test_subscription_email_idempotency" name="test_no_duplicate_active_subscription_after_double_call" time="0.005" /><testcase classname="tests.test_subscription_email_idempotency" name="test_email_failure_does_not_break_subscription" time="0.005" /><testcase classname="tests.test_subscription_email_idempotency" name="test_stripe_webhook_invalid_signature_regression" time="0.174" /><testcase classname="tests.test_sec001_forgot_password" name="test_forgot_existing_email_no_token_leak" time="0.717" /><testcase classname="tests.test_pin_auth_flow" name="test_pin_reset_short_code_422" time="0.119" /><testcase classname="tests.test_pin_auth_flow" name="test_pin_reset_short_new_pin_422" time="0.112" /><testcase classname="tests.test_sec001_forgot_password" name="test_forgot_nonexistent_email_same_response" time="0.335" /><testcase classname="tests.test_pin_auth_flow" name="test_stripe_webhook_invalid_signature_400" time="0.105" /><testcase classname="tests.test_paypal_welcome_email" name="test_paypal_activate_sends_welcome_email_once_on_first_call" time="0.007" /><testcase classname="tests.test_paypal_welcome_email" name="test_paypal_activate_double_call_same_subid_sends_email_only_once" time="0.005" /><testcase classname="tests.test_paypal_welcome_email" name="test_paypal_activate_email_failure_does_not_break_subscription" time="0.004" /><testcase classname="tests.test_paypal_welcome_email" name="test_paypal_activate_returns_400_when_paypal_not_configured" time="0.002" /><testcase classname="tests.test_paypal_welcome_email" name="test_paypal_activate_deactivates_previous_active_subscriptions" time="0.004" /><testcase classname="tests.test_sec001_forgot_password" name="test_reset_token_persisted_in_db" time="0.303" /><testcase classname="tests.test_sec001_forgot_password" name="test_reset_with_valid_token_from_db_works" time="0.818" /><testcase classname="tests.test_sec001_forgot_password" name="test_reset_with_invalid_token_fails" time="0.064" /><testcase classname="tests.test_sec001_forgot_password" name="test_login_regression_still_works" time="0.335" /></testsuite></testsuites>